This file contains any messages produced by compilers while
running configure, to aid debugging if configure makes a mistake.

It was created by libssh2 configure -, which was
generated by GNU Autoconf 2.69.  Invocation command line was

  $ /Users/naderdabit/opensource/create-cli/node_modules/nodegit/vendor/libssh2/configure --with-libssl-prefix=/Users/naderdabit/opensource/create-cli/node_modules/nodegit/vendor/openssl/openssl

## --------- ##
## Platform. ##
## --------- ##

hostname = naders-MacBook-Pro-3.local
uname -m = x86_64
uname -r = 16.6.0
uname -s = Darwin
uname -v = Darwin Kernel Version 16.6.0: Fri Apr 14 16:21:16 PDT 2017; root:xnu-3789.60.24~6/RELEASE_X86_64

/usr/bin/uname -p = i386
/bin/uname -X     = unknown

/bin/arch              = unknown
/usr/bin/arch -k       = unknown
/usr/convex/getsysinfo = unknown
/usr/bin/hostinfo      = Mach kernel version:
	 Darwin Kernel Version 16.6.0: Fri Apr 14 16:21:16 PDT 2017; root:xnu-3789.60.24~6/RELEASE_X86_64
Kernel configured for up to 4 processors.
2 processors are physically available.
4 processors are logically available.
Processor type: x86_64h (Intel x86-64h Haswell)
Processors active: 0 1 2 3
Primary memory available: 16.00 gigabytes
Default processor set: 471 tasks, 2437 threads, 4 processors
Load average: 8.85, Mach factor: 0.57
/bin/machine           = unknown
/usr/bin/oslevel       = unknown
/bin/universe          = unknown

PATH: /Users/naderdabit/opensource/create-cli/node_modules/nodegit/node_modules/.bin
PATH: /Users/naderdabit/.config/yarn/link/node_modules/.bin
PATH: /Users/naderdabit/opensource/create-cli/node_modules/nodegit/node_modules/.bin
PATH: /Users/naderdabit/.config/yarn/link/node_modules/.bin
PATH: /Users/naderdabit/.nvm/versions/node/v6.9.1/bin
PATH: /Users/naderdabit/.nvm/versions/node/v6.9.1/lib/node_modules/npm/bin/node-gyp-bin
PATH: /Users/naderdabit/.nvm/versions/node/v6.9.1/bin/node_modules/npm/bin/node-gyp-bin
PATH: /Users/naderdabit/.opam/system/bin
PATH: /usr/local/cuda/bin
PATH: /Users/naderdabit/.nvm/versions/node/v6.9.1/bin
PATH: /usr/local/bin
PATH: /usr/bin
PATH: /bin
PATH: /usr/sbin
PATH: /sbin


## ----------- ##
## Core tests. ##
## ----------- ##

configure:2416: checking whether to enable maintainer-specific portions of Makefiles
configure:2425: result: no
configure:2449: checking whether make supports nested variables
configure:2466: result: yes
configure:2480: checking for sed
configure:2499: found /usr/bin/sed
configure:2512: result: /usr/bin/sed
configure:2573: checking for a BSD-compatible install
configure:2641: result: /usr/local/bin/ginstall -c
configure:2652: checking whether build environment is sane
configure:2707: result: yes
configure:2745: WARNING: 'missing' script is too old or missing
configure:2858: checking for a thread-safe mkdir -p
configure:2897: result: /usr/local/bin/gmkdir -p
configure:2904: checking for gawk
configure:2934: result: no
configure:2904: checking for mawk
configure:2934: result: no
configure:2904: checking for nawk
configure:2934: result: no
configure:2904: checking for awk
configure:2920: found /usr/bin/awk
configure:2931: result: awk
configure:2942: checking whether make sets $(MAKE)
configure:2964: result: yes
configure:3097: checking libssh2 version
configure:3099: result: 1.7.0
configure:3110: checking build system type
configure:3124: result: x86_64-apple-darwin16.6.0
configure:3144: checking host system type
configure:3157: result: x86_64-apple-darwin16.6.0
configure:3184: autobuild project... libssh2
configure:3190: autobuild revision... 1.7.0
configure:3195: autobuild hostname... naders-MacBook-Pro-3.local
configure:3206: autobuild timestamp... 20170610-121230
configure:3247: checking for style of include used by make
configure:3275: result: GNU
configure:3346: checking for gcc
configure:3362: found /usr/bin/gcc
configure:3373: result: gcc
configure:3602: checking for C compiler version
configure:3611: gcc --version >&5
Apple LLVM version 8.1.0 (clang-802.0.42)
Target: x86_64-apple-darwin16.6.0
Thread model: posix
InstalledDir: /Applications/Xcode.app/Contents/Developer/Toolchains/XcodeDefault.xctoolchain/usr/bin
Configured with: --prefix=/Applications/Xcode.app/Contents/Developer/usr --with-gxx-include-dir=/usr/include/c++/4.2.1
configure:3622: $? = 0
configure:3611: gcc -v >&5
Configured with: --prefix=/Applications/Xcode.app/Contents/Developer/usr --with-gxx-include-dir=/usr/include/c++/4.2.1
Apple LLVM version 8.1.0 (clang-802.0.42)
Target: x86_64-apple-darwin16.6.0
Thread model: posix
InstalledDir: /Applications/Xcode.app/Contents/Developer/Toolchains/XcodeDefault.xctoolchain/usr/bin
configure:3622: $? = 0
configure:3611: gcc -V >&5
clang: error: argument to '-V' is missing (expected 1 value)
clang: error: no input files
configure:3622: $? = 1
configure:3611: gcc -qversion >&5
clang: error: unknown argument: '-qversion'
clang: error: no input files
configure:3622: $? = 1
configure:3642: checking whether the C compiler works
configure:3664: gcc  -DLIBSSH2_DARWIN -I/Users/naderdabit/opensource/create-cli/node_modules/nodegit/vendor/openssl/openssl/include  conftest.c  >&5
configure:3668: $? = 0
configure:3716: result: yes
configure:3719: checking for C compiler default output file name
configure:3721: result: a.out
configure:3727: checking for suffix of executables
configure:3734: gcc -o conftest  -DLIBSSH2_DARWIN -I/Users/naderdabit/opensource/create-cli/node_modules/nodegit/vendor/openssl/openssl/include  conftest.c  >&5
configure:3738: $? = 0
configure:3760: result: 
configure:3782: checking whether we are cross compiling
configure:3790: gcc -o conftest  -DLIBSSH2_DARWIN -I/Users/naderdabit/opensource/create-cli/node_modules/nodegit/vendor/openssl/openssl/include  conftest.c  >&5
configure:3794: $? = 0
configure:3801: ./conftest
configure:3805: $? = 0
configure:3820: result: no
configure:3825: checking for suffix of object files
configure:3847: gcc -c  -DLIBSSH2_DARWIN -I/Users/naderdabit/opensource/create-cli/node_modules/nodegit/vendor/openssl/openssl/include conftest.c >&5
configure:3851: $? = 0
configure:3872: result: o
configure:3876: checking whether we are using the GNU C compiler
configure:3895: gcc -c  -DLIBSSH2_DARWIN -I/Users/naderdabit/opensource/create-cli/node_modules/nodegit/vendor/openssl/openssl/include conftest.c >&5
configure:3895: $? = 0
configure:3904: result: yes
configure:3913: checking whether gcc accepts -g
configure:3933: gcc -c -g -I/Users/naderdabit/opensource/create-cli/node_modules/nodegit/vendor/openssl/openssl/include conftest.c >&5
configure:3933: $? = 0
configure:3974: result: yes
configure:3991: checking for gcc option to accept ISO C89
configure:4054: gcc  -c  -DLIBSSH2_DARWIN -I/Users/naderdabit/opensource/create-cli/node_modules/nodegit/vendor/openssl/openssl/include conftest.c >&5
configure:4054: $? = 0
configure:4067: result: none needed
configure:4092: checking whether gcc understands -c and -o together
configure:4114: gcc -c conftest.c -o conftest2.o
configure:4117: $? = 0
configure:4114: gcc -c conftest.c -o conftest2.o
configure:4117: $? = 0
configure:4129: result: yes
configure:4148: checking dependency style of gcc
configure:4259: result: none
configure:4280: checking how to run the C preprocessor
configure:4311: gcc -E -I/Users/naderdabit/opensource/create-cli/node_modules/nodegit/vendor/openssl/openssl/include conftest.c
configure:4311: $? = 0
configure:4325: gcc -E -I/Users/naderdabit/opensource/create-cli/node_modules/nodegit/vendor/openssl/openssl/include conftest.c
conftest.c:11:10: fatal error: 'ac_nonexistent.h' file not found
#include <ac_nonexistent.h>
         ^
1 error generated.
configure:4325: $? = 1
configure: failed program was:
| /* confdefs.h */
| #define PACKAGE_NAME "libssh2"
| #define PACKAGE_TARNAME "libssh2"
| #define PACKAGE_VERSION "-"
| #define PACKAGE_STRING "libssh2 -"
| #define PACKAGE_BUGREPORT "libssh2-devel@cool.haxx.se"
| #define PACKAGE_URL ""
| #define PACKAGE "libssh2"
| #define VERSION "-"
| /* end confdefs.h.  */
| #include <ac_nonexistent.h>
configure:4350: result: gcc -E
configure:4370: gcc -E -I/Users/naderdabit/opensource/create-cli/node_modules/nodegit/vendor/openssl/openssl/include conftest.c
configure:4370: $? = 0
configure:4384: gcc -E -I/Users/naderdabit/opensource/create-cli/node_modules/nodegit/vendor/openssl/openssl/include conftest.c
conftest.c:11:10: fatal error: 'ac_nonexistent.h' file not found
#include <ac_nonexistent.h>
         ^
1 error generated.
configure:4384: $? = 1
configure: failed program was:
| /* confdefs.h */
| #define PACKAGE_NAME "libssh2"
| #define PACKAGE_TARNAME "libssh2"
| #define PACKAGE_VERSION "-"
| #define PACKAGE_STRING "libssh2 -"
| #define PACKAGE_BUGREPORT "libssh2-devel@cool.haxx.se"
| #define PACKAGE_URL ""
| #define PACKAGE "libssh2"
| #define VERSION "-"
| /* end confdefs.h.  */
| #include <ac_nonexistent.h>
configure:4413: checking for grep that handles long lines and -e
configure:4471: result: /usr/bin/grep
configure:4476: checking for egrep
configure:4538: result: /usr/bin/grep -E
configure:4543: checking for ANSI C header files
configure:4563: gcc -c  -DLIBSSH2_DARWIN -I/Users/naderdabit/opensource/create-cli/node_modules/nodegit/vendor/openssl/openssl/include conftest.c >&5
configure:4563: $? = 0
configure:4636: gcc -o conftest  -DLIBSSH2_DARWIN -I/Users/naderdabit/opensource/create-cli/node_modules/nodegit/vendor/openssl/openssl/include  conftest.c  >&5
configure:4636: $? = 0
configure:4636: ./conftest
configure:4636: $? = 0
configure:4647: result: yes
configure:4660: checking for sys/types.h
configure:4660: gcc -c  -DLIBSSH2_DARWIN -I/Users/naderdabit/opensource/create-cli/node_modules/nodegit/vendor/openssl/openssl/include conftest.c >&5
configure:4660: $? = 0
configure:4660: result: yes
configure:4660: checking for sys/stat.h
configure:4660: gcc -c  -DLIBSSH2_DARWIN -I/Users/naderdabit/opensource/create-cli/node_modules/nodegit/vendor/openssl/openssl/include conftest.c >&5
configure:4660: $? = 0
configure:4660: result: yes
configure:4660: checking for stdlib.h
configure:4660: gcc -c  -DLIBSSH2_DARWIN -I/Users/naderdabit/opensource/create-cli/node_modules/nodegit/vendor/openssl/openssl/include conftest.c >&5
configure:4660: $? = 0
configure:4660: result: yes
configure:4660: checking for string.h
configure:4660: gcc -c  -DLIBSSH2_DARWIN -I/Users/naderdabit/opensource/create-cli/node_modules/nodegit/vendor/openssl/openssl/include conftest.c >&5
configure:4660: $? = 0
configure:4660: result: yes
configure:4660: checking for memory.h
configure:4660: gcc -c  -DLIBSSH2_DARWIN -I/Users/naderdabit/opensource/create-cli/node_modules/nodegit/vendor/openssl/openssl/include conftest.c >&5
configure:4660: $? = 0
configure:4660: result: yes
configure:4660: checking for strings.h
configure:4660: gcc -c  -DLIBSSH2_DARWIN -I/Users/naderdabit/opensource/create-cli/node_modules/nodegit/vendor/openssl/openssl/include conftest.c >&5
configure:4660: $? = 0
configure:4660: result: yes
configure:4660: checking for inttypes.h
configure:4660: gcc -c  -DLIBSSH2_DARWIN -I/Users/naderdabit/opensource/create-cli/node_modules/nodegit/vendor/openssl/openssl/include conftest.c >&5
configure:4660: $? = 0
configure:4660: result: yes
configure:4660: checking for stdint.h
configure:4660: gcc -c  -DLIBSSH2_DARWIN -I/Users/naderdabit/opensource/create-cli/node_modules/nodegit/vendor/openssl/openssl/include conftest.c >&5
configure:4660: $? = 0
configure:4660: result: yes
configure:4660: checking for unistd.h
configure:4660: gcc -c  -DLIBSSH2_DARWIN -I/Users/naderdabit/opensource/create-cli/node_modules/nodegit/vendor/openssl/openssl/include conftest.c >&5
configure:4660: $? = 0
configure:4660: result: yes
configure:4672: checking for long long
configure:4672: gcc -c  -DLIBSSH2_DARWIN -I/Users/naderdabit/opensource/create-cli/node_modules/nodegit/vendor/openssl/openssl/include conftest.c >&5
configure:4672: $? = 0
configure:4672: gcc -c  -DLIBSSH2_DARWIN -I/Users/naderdabit/opensource/create-cli/node_modules/nodegit/vendor/openssl/openssl/include conftest.c >&5
conftest.c:57:24: error: expected expression
if (sizeof ((long long)))
                       ^
1 error generated.
configure:4672: $? = 1
configure: failed program was:
| /* confdefs.h */
| #define PACKAGE_NAME "libssh2"
| #define PACKAGE_TARNAME "libssh2"
| #define PACKAGE_VERSION "-"
| #define PACKAGE_STRING "libssh2 -"
| #define PACKAGE_BUGREPORT "libssh2-devel@cool.haxx.se"
| #define PACKAGE_URL ""
| #define PACKAGE "libssh2"
| #define VERSION "-"
| #define STDC_HEADERS 1
| #define HAVE_SYS_TYPES_H 1
| #define HAVE_SYS_STAT_H 1
| #define HAVE_STDLIB_H 1
| #define HAVE_STRING_H 1
| #define HAVE_MEMORY_H 1
| #define HAVE_STRINGS_H 1
| #define HAVE_INTTYPES_H 1
| #define HAVE_STDINT_H 1
| #define HAVE_UNISTD_H 1
| /* end confdefs.h.  */
| #include <stdio.h>
| #ifdef HAVE_SYS_TYPES_H
| # include <sys/types.h>
| #endif
| #ifdef HAVE_SYS_STAT_H
| # include <sys/stat.h>
| #endif
| #ifdef STDC_HEADERS
| # include <stdlib.h>
| # include <stddef.h>
| #else
| # ifdef HAVE_STDLIB_H
| #  include <stdlib.h>
| # endif
| #endif
| #ifdef HAVE_STRING_H
| # if !defined STDC_HEADERS && defined HAVE_MEMORY_H
| #  include <memory.h>
| # endif
| # include <string.h>
| #endif
| #ifdef HAVE_STRINGS_H
| # include <strings.h>
| #endif
| #ifdef HAVE_INTTYPES_H
| # include <inttypes.h>
| #endif
| #ifdef HAVE_STDINT_H
| # include <stdint.h>
| #endif
| #ifdef HAVE_UNISTD_H
| # include <unistd.h>
| #endif
| int
| main ()
| {
| if (sizeof ((long long)))
| 	    return 0;
|   ;
|   return 0;
| }
configure:4672: result: yes
configure:4684: checking if _REENTRANT is already defined
configure:4706: gcc -c  -DLIBSSH2_DARWIN -I/Users/naderdabit/opensource/create-cli/node_modules/nodegit/vendor/openssl/openssl/include conftest.c >&5
conftest.c:32:7: error: use of undeclared identifier 'force'
      force compilation error
      ^
1 error generated.
configure:4706: $? = 1
configure: failed program was:
| /* confdefs.h */
| #define PACKAGE_NAME "libssh2"
| #define PACKAGE_TARNAME "libssh2"
| #define PACKAGE_VERSION "-"
| #define PACKAGE_STRING "libssh2 -"
| #define PACKAGE_BUGREPORT "libssh2-devel@cool.haxx.se"
| #define PACKAGE_URL ""
| #define PACKAGE "libssh2"
| #define VERSION "-"
| #define STDC_HEADERS 1
| #define HAVE_SYS_TYPES_H 1
| #define HAVE_SYS_STAT_H 1
| #define HAVE_STDLIB_H 1
| #define HAVE_STRING_H 1
| #define HAVE_MEMORY_H 1
| #define HAVE_STRINGS_H 1
| #define HAVE_INTTYPES_H 1
| #define HAVE_STDINT_H 1
| #define HAVE_UNISTD_H 1
| #define HAVE_LONGLONG 1
| /* end confdefs.h.  */
| 
| 
| 
| int
| main ()
| {
| 
| #ifdef _REENTRANT
|       int dummy=1;
| #else
|       force compilation error
| #endif
| 
|   ;
|   return 0;
| }
| 
configure:4714: result: no
configure:4722: checking if _REENTRANT is actually needed
configure:4739: result: no
configure:4744: checking if _REENTRANT is onwards defined
configure:4761: result: no
configure:4768: checking for library containing socket
configure:4799: gcc -o conftest  -DLIBSSH2_DARWIN -I/Users/naderdabit/opensource/create-cli/node_modules/nodegit/vendor/openssl/openssl/include  conftest.c  >&5
configure:4799: $? = 0
configure:4816: result: none required
configure:4826: checking for library containing inet_addr
configure:4857: gcc -o conftest  -DLIBSSH2_DARWIN -I/Users/naderdabit/opensource/create-cli/node_modules/nodegit/vendor/openssl/openssl/include  conftest.c  >&5
configure:4857: $? = 0
configure:4874: result: none required
configure:4933: checking for gcc
configure:4960: result: gcc
configure:5189: checking for C compiler version
configure:5198: gcc --version >&5
Apple LLVM version 8.1.0 (clang-802.0.42)
Target: x86_64-apple-darwin16.6.0
Thread model: posix
InstalledDir: /Applications/Xcode.app/Contents/Developer/Toolchains/XcodeDefault.xctoolchain/usr/bin
Configured with: --prefix=/Applications/Xcode.app/Contents/Developer/usr --with-gxx-include-dir=/usr/include/c++/4.2.1
configure:5209: $? = 0
configure:5198: gcc -v >&5
Configured with: --prefix=/Applications/Xcode.app/Contents/Developer/usr --with-gxx-include-dir=/usr/include/c++/4.2.1
Apple LLVM version 8.1.0 (clang-802.0.42)
Target: x86_64-apple-darwin16.6.0
Thread model: posix
InstalledDir: /Applications/Xcode.app/Contents/Developer/Toolchains/XcodeDefault.xctoolchain/usr/bin
configure:5209: $? = 0
configure:5198: gcc -V >&5
clang: error: argument to '-V' is missing (expected 1 value)
clang: error: no input files
configure:5209: $? = 1
configure:5198: gcc -qversion >&5
clang: error: unknown argument: '-qversion'
clang: error: no input files
configure:5209: $? = 1
configure:5213: checking whether we are using the GNU C compiler
configure:5241: result: yes
configure:5250: checking whether gcc accepts -g
configure:5311: result: yes
configure:5328: checking for gcc option to accept ISO C89
configure:5404: result: none needed
configure:5429: checking whether gcc understands -c and -o together
configure:5466: result: yes
configure:5485: checking dependency style of gcc
configure:5596: result: none
configure:5612: checking whether ln -s works
configure:5616: result: yes
configure:5623: checking whether make sets $(MAKE)
configure:5645: result: yes
configure:5658: checking for sshd
configure:5676: found /usr/sbin/sshd
configure:5688: result: /usr/sbin/sshd
configure:6056: checking how to print strings
configure:6083: result: printf
configure:6104: checking for a sed that does not truncate output
configure:6168: result: /usr/bin/sed
configure:6186: checking for fgrep
configure:6248: result: /usr/bin/grep -F
configure:6283: checking for ld used by gcc
configure:6350: result: /Applications/Xcode.app/Contents/Developer/Toolchains/XcodeDefault.xctoolchain/usr/bin/ld
configure:6357: checking if the linker (/Applications/Xcode.app/Contents/Developer/Toolchains/XcodeDefault.xctoolchain/usr/bin/ld) is GNU ld
configure:6372: result: no
configure:6384: checking for BSD- or MS-compatible name lister (nm)
configure:6433: result: /usr/bin/nm -B
configure:6563: checking the name lister (/usr/bin/nm -B) interface
configure:6570: gcc -c  -DLIBSSH2_DARWIN -I/Users/naderdabit/opensource/create-cli/node_modules/nodegit/vendor/openssl/openssl/include conftest.c >&5
configure:6573: /usr/bin/nm -B "conftest.o"
configure:6576: output
0000000000000000 S _some_variable
configure:6583: result: BSD nm
configure:6587: checking the maximum length of command line arguments
configure:6718: result: 196608
configure:6735: checking whether the shell understands some XSI constructs
configure:6745: result: yes
configure:6749: checking whether the shell understands "+="
configure:6755: result: yes
configure:6790: checking how to convert x86_64-apple-darwin16.6.0 file names to x86_64-apple-darwin16.6.0 format
configure:6830: result: func_convert_file_noop
configure:6837: checking how to convert x86_64-apple-darwin16.6.0 file names to toolchain format
configure:6857: result: func_convert_file_noop
configure:6864: checking for /Applications/Xcode.app/Contents/Developer/Toolchains/XcodeDefault.xctoolchain/usr/bin/ld option to reload object files
configure:6871: result: -r
configure:6945: checking for objdump
configure:6972: result: objdump
configure:7001: checking how to recognize dependent libraries
configure:7199: result: pass_all
configure:7284: checking for dlltool
configure:7311: result: dlltool
configure:7341: checking how to associate runtime and link libraries
configure:7368: result: printf %s\n
configure:7428: checking for ar
configure:7444: found /usr/bin/ar
configure:7455: result: ar
configure:7492: checking for archiver @FILE support
configure:7509: gcc -c  -DLIBSSH2_DARWIN -I/Users/naderdabit/opensource/create-cli/node_modules/nodegit/vendor/openssl/openssl/include conftest.c >&5
configure:7509: $? = 0
configure:7512: ar cru libconftest.a @conftest.lst >&5
ar: @conftest.lst: No such file or directory
configure:7515: $? = 1
configure:7535: result: no
configure:7593: checking for strip
configure:7609: found /usr/bin/strip
configure:7620: result: strip
configure:7692: checking for ranlib
configure:7708: found /usr/bin/ranlib
configure:7719: result: ranlib
configure:7821: checking command to parse /usr/bin/nm -B output from gcc object
configure:7941: gcc -c  -DLIBSSH2_DARWIN -I/Users/naderdabit/opensource/create-cli/node_modules/nodegit/vendor/openssl/openssl/include conftest.c >&5
configure:7944: $? = 0
configure:7948: /usr/bin/nm -B conftest.o \| sed -n -e 's/^.*[ ]\([BCDEGRST][BCDEGRST]*\)[ ][ ]*\([_A-Za-z][_A-Za-z0-9]*\)$/\1 \2 \2/p' | sed '/ __gnu_lto/d' \> conftest.nm
configure:7951: $? = 0
cannot find nm_test_var in conftest.nm
configure:7941: gcc -c  -DLIBSSH2_DARWIN -I/Users/naderdabit/opensource/create-cli/node_modules/nodegit/vendor/openssl/openssl/include conftest.c >&5
configure:7944: $? = 0
configure:7948: /usr/bin/nm -B conftest.o \| sed -n -e 's/^.*[ ]\([BCDEGRST][BCDEGRST]*\)[ ][ ]*_\([_A-Za-z][_A-Za-z0-9]*\)$/\1 _\2 \2/p' | sed '/ __gnu_lto/d' \> conftest.nm
configure:7951: $? = 0
configure:8017: gcc -o conftest  -DLIBSSH2_DARWIN -I/Users/naderdabit/opensource/create-cli/node_modules/nodegit/vendor/openssl/openssl/include  conftest.c conftstm.o >&5
configure:8020: $? = 0
configure:8058: result: ok
configure:8095: checking for sysroot
configure:8125: result: no
configure:8394: checking for mt
configure:8424: result: no
configure:8444: checking if : is a manifest tool
configure:8450: : '-?'
configure:8458: result: no
configure:8514: checking for dsymutil
configure:8530: found /usr/bin/dsymutil
configure:8541: result: dsymutil
configure:8606: checking for nmedit
configure:8622: found /usr/bin/nmedit
configure:8633: result: nmedit
configure:8698: checking for lipo
configure:8714: found /usr/bin/lipo
configure:8725: result: lipo
configure:8790: checking for otool
configure:8806: found /usr/bin/otool
configure:8817: result: otool
configure:8882: checking for otool64
configure:8912: result: no
configure:8957: checking for -single_module linker flag
gcc  -DLIBSSH2_DARWIN  -o libconftest.dylib -dynamiclib -Wl,-single_module conftest.c
configure:8990: result: yes
configure:8993: checking for -exported_symbols_list linker flag
configure:9013: gcc -o conftest  -DLIBSSH2_DARWIN -I/Users/naderdabit/opensource/create-cli/node_modules/nodegit/vendor/openssl/openssl/include  -Wl,-exported_symbols_list,conftest.sym conftest.c  >&5
configure:9013: $? = 0
configure:9023: result: yes
configure:9026: checking for -force_load linker flag
gcc  -DLIBSSH2_DARWIN -c -o conftest.o conftest.c
ar cru libconftest.a conftest.o
ranlib libconftest.a
gcc  -DLIBSSH2_DARWIN  -o conftest conftest.c -Wl,-force_load,./libconftest.a
configure:9058: result: yes
configure:9097: checking for dlfcn.h
configure:9097: gcc -c  -DLIBSSH2_DARWIN -I/Users/naderdabit/opensource/create-cli/node_modules/nodegit/vendor/openssl/openssl/include conftest.c >&5
configure:9097: $? = 0
configure:9097: result: yes
configure:9301: checking for objdir
configure:9316: result: .libs
configure:9587: checking if gcc supports -fno-rtti -fno-exceptions
configure:9605: gcc -c  -DLIBSSH2_DARWIN -I/Users/naderdabit/opensource/create-cli/node_modules/nodegit/vendor/openssl/openssl/include -fno-rtti -fno-exceptions conftest.c >&5
configure:9609: $? = 0
configure:9622: result: yes
configure:9949: checking for gcc option to produce PIC
configure:9956: result: -fno-common -DPIC
configure:9964: checking if gcc PIC flag -fno-common -DPIC works
configure:9982: gcc -c  -DLIBSSH2_DARWIN -I/Users/naderdabit/opensource/create-cli/node_modules/nodegit/vendor/openssl/openssl/include -fno-common -DPIC -DPIC conftest.c >&5
configure:9986: $? = 0
configure:9999: result: yes
configure:10028: checking if gcc static flag -static works
configure:10056: result: no
configure:10071: checking if gcc supports -c -o file.o
configure:10092: gcc -c  -DLIBSSH2_DARWIN -I/Users/naderdabit/opensource/create-cli/node_modules/nodegit/vendor/openssl/openssl/include -o out/conftest2.o conftest.c >&5
configure:10096: $? = 0
configure:10118: result: yes
configure:10126: checking if gcc supports -c -o file.o
configure:10173: result: yes
configure:10206: checking whether the gcc linker (/Applications/Xcode.app/Contents/Developer/Toolchains/XcodeDefault.xctoolchain/usr/bin/ld) supports shared libraries
configure:11363: result: yes
configure:11603: checking dynamic linker characteristics
configure:12337: result: darwin16.6.0 dyld
configure:12444: checking how to hardcode library paths into programs
configure:12469: result: immediate
configure:13009: checking whether stripping libraries is possible
configure:13023: result: yes
configure:13049: checking if libtool supports shared libraries
configure:13051: result: yes
configure:13054: checking whether to build shared libraries
configure:13075: result: yes
configure:13078: checking whether to build static libraries
configure:13082: result: yes
configure:13119: checking whether byte ordering is bigendian
configure:13134: gcc -c  -DLIBSSH2_DARWIN -I/Users/naderdabit/opensource/create-cli/node_modules/nodegit/vendor/openssl/openssl/include conftest.c >&5
configure:13134: $? = 0
configure:13179: gcc -c  -DLIBSSH2_DARWIN -I/Users/naderdabit/opensource/create-cli/node_modules/nodegit/vendor/openssl/openssl/include conftest.c >&5
configure:13179: $? = 0
configure:13197: gcc -c  -DLIBSSH2_DARWIN -I/Users/naderdabit/opensource/create-cli/node_modules/nodegit/vendor/openssl/openssl/include conftest.c >&5
conftest.c:31:4: error: use of undeclared identifier 'not'
                 not big endian
                 ^
1 error generated.
configure:13197: $? = 1
configure: failed program was:
| /* confdefs.h */
| #define PACKAGE_NAME "libssh2"
| #define PACKAGE_TARNAME "libssh2"
| #define PACKAGE_VERSION "-"
| #define PACKAGE_STRING "libssh2 -"
| #define PACKAGE_BUGREPORT "libssh2-devel@cool.haxx.se"
| #define PACKAGE_URL ""
| #define PACKAGE "libssh2"
| #define VERSION "-"
| #define STDC_HEADERS 1
| #define HAVE_SYS_TYPES_H 1
| #define HAVE_SYS_STAT_H 1
| #define HAVE_STDLIB_H 1
| #define HAVE_STRING_H 1
| #define HAVE_MEMORY_H 1
| #define HAVE_STRINGS_H 1
| #define HAVE_INTTYPES_H 1
| #define HAVE_STDINT_H 1
| #define HAVE_UNISTD_H 1
| #define HAVE_LONGLONG 1
| #define HAVE_DLFCN_H 1
| #define LT_OBJDIR ".libs/"
| /* end confdefs.h.  */
| #include <sys/types.h>
| 		#include <sys/param.h>
| 
| int
| main ()
| {
| #if BYTE_ORDER != BIG_ENDIAN
| 		 not big endian
| 		#endif
| 
|   ;
|   return 0;
| }
configure:13325: result: no
configure:13351: checking for special C compiler options needed for large files
configure:13396: result: no
configure:13402: checking for _FILE_OFFSET_BITS value needed for large files
configure:13427: gcc -c  -DLIBSSH2_DARWIN -I/Users/naderdabit/opensource/create-cli/node_modules/nodegit/vendor/openssl/openssl/include conftest.c >&5
configure:13427: $? = 0
configure:13459: result: no
configure:13624: checking for ld used by GCC
configure:13688: result: /Applications/Xcode.app/Contents/Developer/Toolchains/XcodeDefault.xctoolchain/usr/bin/ld
configure:13695: checking if the linker (/Applications/Xcode.app/Contents/Developer/Toolchains/XcodeDefault.xctoolchain/usr/bin/ld) is GNU ld
configure:13708: result: no
configure:13715: checking for shared library run path origin
configure:13728: result: done
configure:14233: checking for libssl
configure:14252: gcc -o conftest  -DLIBSSH2_DARWIN -I/Users/naderdabit/opensource/create-cli/node_modules/nodegit/vendor/openssl/openssl/include  conftest.c  -lssl -lcrypto >&5
configure:14252: $? = 0
configure:14262: result: yes
configure:14269: checking how to link with libssl
configure:14271: result: -lssl -lcrypto
configure:14299: checking for EVP_aes_128_ctr
configure:14299: gcc -o conftest  -DLIBSSH2_DARWIN -I/Users/naderdabit/opensource/create-cli/node_modules/nodegit/vendor/openssl/openssl/include  conftest.c  -lssl -lcrypto >&5
Undefined symbols for architecture x86_64:
  "_EVP_aes_128_ctr", referenced from:
      _main in conftest-2d7e9a.o
ld: symbol(s) not found for architecture x86_64
clang: error: linker command failed with exit code 1 (use -v to see invocation)
configure:14299: $? = 1
configure: failed program was:
| /* confdefs.h */
| #define PACKAGE_NAME "libssh2"
| #define PACKAGE_TARNAME "libssh2"
| #define PACKAGE_VERSION "-"
| #define PACKAGE_STRING "libssh2 -"
| #define PACKAGE_BUGREPORT "libssh2-devel@cool.haxx.se"
| #define PACKAGE_URL ""
| #define PACKAGE "libssh2"
| #define VERSION "-"
| #define STDC_HEADERS 1
| #define HAVE_SYS_TYPES_H 1
| #define HAVE_SYS_STAT_H 1
| #define HAVE_STDLIB_H 1
| #define HAVE_STRING_H 1
| #define HAVE_MEMORY_H 1
| #define HAVE_STRINGS_H 1
| #define HAVE_INTTYPES_H 1
| #define HAVE_STDINT_H 1
| #define HAVE_UNISTD_H 1
| #define HAVE_LONGLONG 1
| #define HAVE_DLFCN_H 1
| #define LT_OBJDIR ".libs/"
| #define HAVE_LIBSSL 1
| #define LIBSSH2_OPENSSL 1
| /* end confdefs.h.  */
| /* Define EVP_aes_128_ctr to an innocuous variant, in case <limits.h> declares EVP_aes_128_ctr.
|    For example, HP-UX 11i <limits.h> declares gettimeofday.  */
| #define EVP_aes_128_ctr innocuous_EVP_aes_128_ctr
| 
| /* System header to define __stub macros and hopefully few prototypes,
|     which can conflict with char EVP_aes_128_ctr (); below.
|     Prefer <limits.h> to <assert.h> if __STDC__ is defined, since
|     <limits.h> exists even on freestanding compilers.  */
| 
| #ifdef __STDC__
| # include <limits.h>
| #else
| # include <assert.h>
| #endif
| 
| #undef EVP_aes_128_ctr
| 
| /* Override any GCC internal prototype to avoid an error.
|    Use char because int might match the return type of a GCC
|    builtin and then its argument prototype would still apply.  */
| #ifdef __cplusplus
| extern "C"
| #endif
| char EVP_aes_128_ctr ();
| /* The GNU C library defines this for functions which it implements
|     to always fail with ENOSYS.  Some functions are actually named
|     something starting with __ and the normal name is an alias.  */
| #if defined __stub_EVP_aes_128_ctr || defined __stub___EVP_aes_128_ctr
| choke me
| #endif
| 
| int
| main ()
| {
| return EVP_aes_128_ctr ();
|   ;
|   return 0;
| }
configure:14299: result: no
configure:16453: checking for libz
configure:16472: gcc -o conftest  -DLIBSSH2_DARWIN -I/Users/naderdabit/opensource/create-cli/node_modules/nodegit/vendor/openssl/openssl/include  conftest.c  -lz >&5
configure:16472: $? = 0
configure:16482: result: yes
configure:16489: checking how to link with libz
configure:16491: result: -lz
configure:16570: WARNING: secure clearing/zeroing of memory is not supported by the selected crypto backend
configure:16585: checking whether to enable pedantic and debug compiler options
configure:16718: result: no
configure:16724: checking whether to enable hidden symbols in the library
configure:16765: result: no
configure:16772: checking whether to build example applications
configure:16788: result: yes
configure:16804: checking errno.h usability
configure:16804: gcc -c  -DLIBSSH2_DARWIN -I/Users/naderdabit/opensource/create-cli/node_modules/nodegit/vendor/openssl/openssl/include conftest.c >&5
configure:16804: $? = 0
configure:16804: result: yes
configure:16804: checking errno.h presence
configure:16804: gcc -E -I/Users/naderdabit/opensource/create-cli/node_modules/nodegit/vendor/openssl/openssl/include conftest.c
configure:16804: $? = 0
configure:16804: result: yes
configure:16804: checking for errno.h
configure:16804: result: yes
configure:16804: checking fcntl.h usability
configure:16804: gcc -c  -DLIBSSH2_DARWIN -I/Users/naderdabit/opensource/create-cli/node_modules/nodegit/vendor/openssl/openssl/include conftest.c >&5
configure:16804: $? = 0
configure:16804: result: yes
configure:16804: checking fcntl.h presence
configure:16804: gcc -E -I/Users/naderdabit/opensource/create-cli/node_modules/nodegit/vendor/openssl/openssl/include conftest.c
configure:16804: $? = 0
configure:16804: result: yes
configure:16804: checking for fcntl.h
configure:16804: result: yes
configure:16804: checking stdio.h usability
configure:16804: gcc -c  -DLIBSSH2_DARWIN -I/Users/naderdabit/opensource/create-cli/node_modules/nodegit/vendor/openssl/openssl/include conftest.c >&5
configure:16804: $? = 0
configure:16804: result: yes
configure:16804: checking stdio.h presence
configure:16804: gcc -E -I/Users/naderdabit/opensource/create-cli/node_modules/nodegit/vendor/openssl/openssl/include conftest.c
configure:16804: $? = 0
configure:16804: result: yes
configure:16804: checking for stdio.h
configure:16804: result: yes
configure:16804: checking for stdlib.h
configure:16804: result: yes
configure:16804: checking for unistd.h
configure:16804: result: yes
configure:16804: checking sys/uio.h usability
configure:16804: gcc -c  -DLIBSSH2_DARWIN -I/Users/naderdabit/opensource/create-cli/node_modules/nodegit/vendor/openssl/openssl/include conftest.c >&5
configure:16804: $? = 0
configure:16804: result: yes
configure:16804: checking sys/uio.h presence
configure:16804: gcc -E -I/Users/naderdabit/opensource/create-cli/node_modules/nodegit/vendor/openssl/openssl/include conftest.c
configure:16804: $? = 0
configure:16804: result: yes
configure:16804: checking for sys/uio.h
configure:16804: result: yes
configure:16817: checking sys/select.h usability
configure:16817: gcc -c  -DLIBSSH2_DARWIN -I/Users/naderdabit/opensource/create-cli/node_modules/nodegit/vendor/openssl/openssl/include conftest.c >&5
configure:16817: $? = 0
configure:16817: result: yes
configure:16817: checking sys/select.h presence
configure:16817: gcc -E -I/Users/naderdabit/opensource/create-cli/node_modules/nodegit/vendor/openssl/openssl/include conftest.c
configure:16817: $? = 0
configure:16817: result: yes
configure:16817: checking for sys/select.h
configure:16817: result: yes
configure:16817: checking sys/socket.h usability
configure:16817: gcc -c  -DLIBSSH2_DARWIN -I/Users/naderdabit/opensource/create-cli/node_modules/nodegit/vendor/openssl/openssl/include conftest.c >&5
configure:16817: $? = 0
configure:16817: result: yes
configure:16817: checking sys/socket.h presence
configure:16817: gcc -E -I/Users/naderdabit/opensource/create-cli/node_modules/nodegit/vendor/openssl/openssl/include conftest.c
configure:16817: $? = 0
configure:16817: result: yes
configure:16817: checking for sys/socket.h
configure:16817: result: yes
configure:16817: checking sys/ioctl.h usability
configure:16817: gcc -c  -DLIBSSH2_DARWIN -I/Users/naderdabit/opensource/create-cli/node_modules/nodegit/vendor/openssl/openssl/include conftest.c >&5
configure:16817: $? = 0
configure:16817: result: yes
configure:16817: checking sys/ioctl.h presence
configure:16817: gcc -E -I/Users/naderdabit/opensource/create-cli/node_modules/nodegit/vendor/openssl/openssl/include conftest.c
configure:16817: $? = 0
configure:16817: result: yes
configure:16817: checking for sys/ioctl.h
configure:16817: result: yes
configure:16817: checking sys/time.h usability
configure:16817: gcc -c  -DLIBSSH2_DARWIN -I/Users/naderdabit/opensource/create-cli/node_modules/nodegit/vendor/openssl/openssl/include conftest.c >&5
configure:16817: $? = 0
configure:16817: result: yes
configure:16817: checking sys/time.h presence
configure:16817: gcc -E -I/Users/naderdabit/opensource/create-cli/node_modules/nodegit/vendor/openssl/openssl/include conftest.c
configure:16817: $? = 0
configure:16817: result: yes
configure:16817: checking for sys/time.h
configure:16817: result: yes
configure:16830: checking arpa/inet.h usability
configure:16830: gcc -c  -DLIBSSH2_DARWIN -I/Users/naderdabit/opensource/create-cli/node_modules/nodegit/vendor/openssl/openssl/include conftest.c >&5
configure:16830: $? = 0
configure:16830: result: yes
configure:16830: checking arpa/inet.h presence
configure:16830: gcc -E -I/Users/naderdabit/opensource/create-cli/node_modules/nodegit/vendor/openssl/openssl/include conftest.c
configure:16830: $? = 0
configure:16830: result: yes
configure:16830: checking for arpa/inet.h
configure:16830: result: yes
configure:16830: checking netinet/in.h usability
configure:16830: gcc -c  -DLIBSSH2_DARWIN -I/Users/naderdabit/opensource/create-cli/node_modules/nodegit/vendor/openssl/openssl/include conftest.c >&5
configure:16830: $? = 0
configure:16830: result: yes
configure:16830: checking netinet/in.h presence
configure:16830: gcc -E -I/Users/naderdabit/opensource/create-cli/node_modules/nodegit/vendor/openssl/openssl/include conftest.c
configure:16830: $? = 0
configure:16830: result: yes
configure:16830: checking for netinet/in.h
configure:16830: result: yes
configure:16842: checking sys/un.h usability
configure:16842: gcc -c  -DLIBSSH2_DARWIN -I/Users/naderdabit/opensource/create-cli/node_modules/nodegit/vendor/openssl/openssl/include conftest.c >&5
configure:16842: $? = 0
configure:16842: result: yes
configure:16842: checking sys/un.h presence
configure:16842: gcc -E -I/Users/naderdabit/opensource/create-cli/node_modules/nodegit/vendor/openssl/openssl/include conftest.c
configure:16842: $? = 0
configure:16842: result: yes
configure:16842: checking for sys/un.h
configure:16842: result: yes
configure:16871: checking windows.h usability
configure:16871: gcc -c  -DLIBSSH2_DARWIN -I/Users/naderdabit/opensource/create-cli/node_modules/nodegit/vendor/openssl/openssl/include conftest.c >&5
conftest.c:75:10: fatal error: 'windows.h' file not found
#include <windows.h>
         ^
1 error generated.
configure:16871: $? = 1
configure: failed program was:
| /* confdefs.h */
| #define PACKAGE_NAME "libssh2"
| #define PACKAGE_TARNAME "libssh2"
| #define PACKAGE_VERSION "-"
| #define PACKAGE_STRING "libssh2 -"
| #define PACKAGE_BUGREPORT "libssh2-devel@cool.haxx.se"
| #define PACKAGE_URL ""
| #define PACKAGE "libssh2"
| #define VERSION "-"
| #define STDC_HEADERS 1
| #define HAVE_SYS_TYPES_H 1
| #define HAVE_SYS_STAT_H 1
| #define HAVE_STDLIB_H 1
| #define HAVE_STRING_H 1
| #define HAVE_MEMORY_H 1
| #define HAVE_STRINGS_H 1
| #define HAVE_INTTYPES_H 1
| #define HAVE_STDINT_H 1
| #define HAVE_UNISTD_H 1
| #define HAVE_LONGLONG 1
| #define HAVE_DLFCN_H 1
| #define LT_OBJDIR ".libs/"
| #define HAVE_LIBSSL 1
| #define LIBSSH2_OPENSSL 1
| #define HAVE_LIBZ 1
| #define LIBSSH2_HAVE_ZLIB 1
| #define LIBSSH2_DH_GEX_NEW 1
| #define HAVE_ERRNO_H 1
| #define HAVE_FCNTL_H 1
| #define HAVE_STDIO_H 1
| #define HAVE_STDLIB_H 1
| #define HAVE_UNISTD_H 1
| #define HAVE_SYS_UIO_H 1
| #define HAVE_SYS_SELECT_H 1
| #define HAVE_SYS_SOCKET_H 1
| #define HAVE_SYS_IOCTL_H 1
| #define HAVE_SYS_TIME_H 1
| #define HAVE_ARPA_INET_H 1
| #define HAVE_NETINET_IN_H 1
| #define HAVE_SYS_UN_H 1
| /* end confdefs.h.  */
| #include <stdio.h>
| #ifdef HAVE_SYS_TYPES_H
| # include <sys/types.h>
| #endif
| #ifdef HAVE_SYS_STAT_H
| # include <sys/stat.h>
| #endif
| #ifdef STDC_HEADERS
| # include <stdlib.h>
| # include <stddef.h>
| #else
| # ifdef HAVE_STDLIB_H
| #  include <stdlib.h>
| # endif
| #endif
| #ifdef HAVE_STRING_H
| # if !defined STDC_HEADERS && defined HAVE_MEMORY_H
| #  include <memory.h>
| # endif
| # include <string.h>
| #endif
| #ifdef HAVE_STRINGS_H
| # include <strings.h>
| #endif
| #ifdef HAVE_INTTYPES_H
| # include <inttypes.h>
| #endif
| #ifdef HAVE_STDINT_H
| # include <stdint.h>
| #endif
| #ifdef HAVE_UNISTD_H
| # include <unistd.h>
| #endif
| #include <windows.h>
configure:16871: result: no
configure:16871: checking windows.h presence
configure:16871: gcc -E -I/Users/naderdabit/opensource/create-cli/node_modules/nodegit/vendor/openssl/openssl/include conftest.c
conftest.c:42:10: fatal error: 'windows.h' file not found
#include <windows.h>
         ^
1 error generated.
configure:16871: $? = 1
configure: failed program was:
| /* confdefs.h */
| #define PACKAGE_NAME "libssh2"
| #define PACKAGE_TARNAME "libssh2"
| #define PACKAGE_VERSION "-"
| #define PACKAGE_STRING "libssh2 -"
| #define PACKAGE_BUGREPORT "libssh2-devel@cool.haxx.se"
| #define PACKAGE_URL ""
| #define PACKAGE "libssh2"
| #define VERSION "-"
| #define STDC_HEADERS 1
| #define HAVE_SYS_TYPES_H 1
| #define HAVE_SYS_STAT_H 1
| #define HAVE_STDLIB_H 1
| #define HAVE_STRING_H 1
| #define HAVE_MEMORY_H 1
| #define HAVE_STRINGS_H 1
| #define HAVE_INTTYPES_H 1
| #define HAVE_STDINT_H 1
| #define HAVE_UNISTD_H 1
| #define HAVE_LONGLONG 1
| #define HAVE_DLFCN_H 1
| #define LT_OBJDIR ".libs/"
| #define HAVE_LIBSSL 1
| #define LIBSSH2_OPENSSL 1
| #define HAVE_LIBZ 1
| #define LIBSSH2_HAVE_ZLIB 1
| #define LIBSSH2_DH_GEX_NEW 1
| #define HAVE_ERRNO_H 1
| #define HAVE_FCNTL_H 1
| #define HAVE_STDIO_H 1
| #define HAVE_STDLIB_H 1
| #define HAVE_UNISTD_H 1
| #define HAVE_SYS_UIO_H 1
| #define HAVE_SYS_SELECT_H 1
| #define HAVE_SYS_SOCKET_H 1
| #define HAVE_SYS_IOCTL_H 1
| #define HAVE_SYS_TIME_H 1
| #define HAVE_ARPA_INET_H 1
| #define HAVE_NETINET_IN_H 1
| #define HAVE_SYS_UN_H 1
| /* end confdefs.h.  */
| #include <windows.h>
configure:16871: result: no
configure:16871: checking for windows.h
configure:16871: result: no
configure:16871: checking winsock2.h usability
configure:16871: gcc -c  -DLIBSSH2_DARWIN -I/Users/naderdabit/opensource/create-cli/node_modules/nodegit/vendor/openssl/openssl/include conftest.c >&5
conftest.c:75:10: fatal error: 'winsock2.h' file not found
#include <winsock2.h>
         ^
1 error generated.
configure:16871: $? = 1
configure: failed program was:
| /* confdefs.h */
| #define PACKAGE_NAME "libssh2"
| #define PACKAGE_TARNAME "libssh2"
| #define PACKAGE_VERSION "-"
| #define PACKAGE_STRING "libssh2 -"
| #define PACKAGE_BUGREPORT "libssh2-devel@cool.haxx.se"
| #define PACKAGE_URL ""
| #define PACKAGE "libssh2"
| #define VERSION "-"
| #define STDC_HEADERS 1
| #define HAVE_SYS_TYPES_H 1
| #define HAVE_SYS_STAT_H 1
| #define HAVE_STDLIB_H 1
| #define HAVE_STRING_H 1
| #define HAVE_MEMORY_H 1
| #define HAVE_STRINGS_H 1
| #define HAVE_INTTYPES_H 1
| #define HAVE_STDINT_H 1
| #define HAVE_UNISTD_H 1
| #define HAVE_LONGLONG 1
| #define HAVE_DLFCN_H 1
| #define LT_OBJDIR ".libs/"
| #define HAVE_LIBSSL 1
| #define LIBSSH2_OPENSSL 1
| #define HAVE_LIBZ 1
| #define LIBSSH2_HAVE_ZLIB 1
| #define LIBSSH2_DH_GEX_NEW 1
| #define HAVE_ERRNO_H 1
| #define HAVE_FCNTL_H 1
| #define HAVE_STDIO_H 1
| #define HAVE_STDLIB_H 1
| #define HAVE_UNISTD_H 1
| #define HAVE_SYS_UIO_H 1
| #define HAVE_SYS_SELECT_H 1
| #define HAVE_SYS_SOCKET_H 1
| #define HAVE_SYS_IOCTL_H 1
| #define HAVE_SYS_TIME_H 1
| #define HAVE_ARPA_INET_H 1
| #define HAVE_NETINET_IN_H 1
| #define HAVE_SYS_UN_H 1
| /* end confdefs.h.  */
| #include <stdio.h>
| #ifdef HAVE_SYS_TYPES_H
| # include <sys/types.h>
| #endif
| #ifdef HAVE_SYS_STAT_H
| # include <sys/stat.h>
| #endif
| #ifdef STDC_HEADERS
| # include <stdlib.h>
| # include <stddef.h>
| #else
| # ifdef HAVE_STDLIB_H
| #  include <stdlib.h>
| # endif
| #endif
| #ifdef HAVE_STRING_H
| # if !defined STDC_HEADERS && defined HAVE_MEMORY_H
| #  include <memory.h>
| # endif
| # include <string.h>
| #endif
| #ifdef HAVE_STRINGS_H
| # include <strings.h>
| #endif
| #ifdef HAVE_INTTYPES_H
| # include <inttypes.h>
| #endif
| #ifdef HAVE_STDINT_H
| # include <stdint.h>
| #endif
| #ifdef HAVE_UNISTD_H
| # include <unistd.h>
| #endif
| #include <winsock2.h>
configure:16871: result: no
configure:16871: checking winsock2.h presence
configure:16871: gcc -E -I/Users/naderdabit/opensource/create-cli/node_modules/nodegit/vendor/openssl/openssl/include conftest.c
conftest.c:42:10: fatal error: 'winsock2.h' file not found
#include <winsock2.h>
         ^
1 error generated.
configure:16871: $? = 1
configure: failed program was:
| /* confdefs.h */
| #define PACKAGE_NAME "libssh2"
| #define PACKAGE_TARNAME "libssh2"
| #define PACKAGE_VERSION "-"
| #define PACKAGE_STRING "libssh2 -"
| #define PACKAGE_BUGREPORT "libssh2-devel@cool.haxx.se"
| #define PACKAGE_URL ""
| #define PACKAGE "libssh2"
| #define VERSION "-"
| #define STDC_HEADERS 1
| #define HAVE_SYS_TYPES_H 1
| #define HAVE_SYS_STAT_H 1
| #define HAVE_STDLIB_H 1
| #define HAVE_STRING_H 1
| #define HAVE_MEMORY_H 1
| #define HAVE_STRINGS_H 1
| #define HAVE_INTTYPES_H 1
| #define HAVE_STDINT_H 1
| #define HAVE_UNISTD_H 1
| #define HAVE_LONGLONG 1
| #define HAVE_DLFCN_H 1
| #define LT_OBJDIR ".libs/"
| #define HAVE_LIBSSL 1
| #define LIBSSH2_OPENSSL 1
| #define HAVE_LIBZ 1
| #define LIBSSH2_HAVE_ZLIB 1
| #define LIBSSH2_DH_GEX_NEW 1
| #define HAVE_ERRNO_H 1
| #define HAVE_FCNTL_H 1
| #define HAVE_STDIO_H 1
| #define HAVE_STDLIB_H 1
| #define HAVE_UNISTD_H 1
| #define HAVE_SYS_UIO_H 1
| #define HAVE_SYS_SELECT_H 1
| #define HAVE_SYS_SOCKET_H 1
| #define HAVE_SYS_IOCTL_H 1
| #define HAVE_SYS_TIME_H 1
| #define HAVE_ARPA_INET_H 1
| #define HAVE_NETINET_IN_H 1
| #define HAVE_SYS_UN_H 1
| /* end confdefs.h.  */
| #include <winsock2.h>
configure:16871: result: no
configure:16871: checking for winsock2.h
configure:16871: result: no
configure:16871: checking ws2tcpip.h usability
configure:16871: gcc -c  -DLIBSSH2_DARWIN -I/Users/naderdabit/opensource/create-cli/node_modules/nodegit/vendor/openssl/openssl/include conftest.c >&5
conftest.c:75:10: fatal error: 'ws2tcpip.h' file not found
#include <ws2tcpip.h>
         ^
1 error generated.
configure:16871: $? = 1
configure: failed program was:
| /* confdefs.h */
| #define PACKAGE_NAME "libssh2"
| #define PACKAGE_TARNAME "libssh2"
| #define PACKAGE_VERSION "-"
| #define PACKAGE_STRING "libssh2 -"
| #define PACKAGE_BUGREPORT "libssh2-devel@cool.haxx.se"
| #define PACKAGE_URL ""
| #define PACKAGE "libssh2"
| #define VERSION "-"
| #define STDC_HEADERS 1
| #define HAVE_SYS_TYPES_H 1
| #define HAVE_SYS_STAT_H 1
| #define HAVE_STDLIB_H 1
| #define HAVE_STRING_H 1
| #define HAVE_MEMORY_H 1
| #define HAVE_STRINGS_H 1
| #define HAVE_INTTYPES_H 1
| #define HAVE_STDINT_H 1
| #define HAVE_UNISTD_H 1
| #define HAVE_LONGLONG 1
| #define HAVE_DLFCN_H 1
| #define LT_OBJDIR ".libs/"
| #define HAVE_LIBSSL 1
| #define LIBSSH2_OPENSSL 1
| #define HAVE_LIBZ 1
| #define LIBSSH2_HAVE_ZLIB 1
| #define LIBSSH2_DH_GEX_NEW 1
| #define HAVE_ERRNO_H 1
| #define HAVE_FCNTL_H 1
| #define HAVE_STDIO_H 1
| #define HAVE_STDLIB_H 1
| #define HAVE_UNISTD_H 1
| #define HAVE_SYS_UIO_H 1
| #define HAVE_SYS_SELECT_H 1
| #define HAVE_SYS_SOCKET_H 1
| #define HAVE_SYS_IOCTL_H 1
| #define HAVE_SYS_TIME_H 1
| #define HAVE_ARPA_INET_H 1
| #define HAVE_NETINET_IN_H 1
| #define HAVE_SYS_UN_H 1
| /* end confdefs.h.  */
| #include <stdio.h>
| #ifdef HAVE_SYS_TYPES_H
| # include <sys/types.h>
| #endif
| #ifdef HAVE_SYS_STAT_H
| # include <sys/stat.h>
| #endif
| #ifdef STDC_HEADERS
| # include <stdlib.h>
| # include <stddef.h>
| #else
| # ifdef HAVE_STDLIB_H
| #  include <stdlib.h>
| # endif
| #endif
| #ifdef HAVE_STRING_H
| # if !defined STDC_HEADERS && defined HAVE_MEMORY_H
| #  include <memory.h>
| # endif
| # include <string.h>
| #endif
| #ifdef HAVE_STRINGS_H
| # include <strings.h>
| #endif
| #ifdef HAVE_INTTYPES_H
| # include <inttypes.h>
| #endif
| #ifdef HAVE_STDINT_H
| # include <stdint.h>
| #endif
| #ifdef HAVE_UNISTD_H
| # include <unistd.h>
| #endif
| #include <ws2tcpip.h>
configure:16871: result: no
configure:16871: checking ws2tcpip.h presence
configure:16871: gcc -E -I/Users/naderdabit/opensource/create-cli/node_modules/nodegit/vendor/openssl/openssl/include conftest.c
conftest.c:42:10: fatal error: 'ws2tcpip.h' file not found
#include <ws2tcpip.h>
         ^
1 error generated.
configure:16871: $? = 1
configure: failed program was:
| /* confdefs.h */
| #define PACKAGE_NAME "libssh2"
| #define PACKAGE_TARNAME "libssh2"
| #define PACKAGE_VERSION "-"
| #define PACKAGE_STRING "libssh2 -"
| #define PACKAGE_BUGREPORT "libssh2-devel@cool.haxx.se"
| #define PACKAGE_URL ""
| #define PACKAGE "libssh2"
| #define VERSION "-"
| #define STDC_HEADERS 1
| #define HAVE_SYS_TYPES_H 1
| #define HAVE_SYS_STAT_H 1
| #define HAVE_STDLIB_H 1
| #define HAVE_STRING_H 1
| #define HAVE_MEMORY_H 1
| #define HAVE_STRINGS_H 1
| #define HAVE_INTTYPES_H 1
| #define HAVE_STDINT_H 1
| #define HAVE_UNISTD_H 1
| #define HAVE_LONGLONG 1
| #define HAVE_DLFCN_H 1
| #define LT_OBJDIR ".libs/"
| #define HAVE_LIBSSL 1
| #define LIBSSH2_OPENSSL 1
| #define HAVE_LIBZ 1
| #define LIBSSH2_HAVE_ZLIB 1
| #define LIBSSH2_DH_GEX_NEW 1
| #define HAVE_ERRNO_H 1
| #define HAVE_FCNTL_H 1
| #define HAVE_STDIO_H 1
| #define HAVE_STDLIB_H 1
| #define HAVE_UNISTD_H 1
| #define HAVE_SYS_UIO_H 1
| #define HAVE_SYS_SELECT_H 1
| #define HAVE_SYS_SOCKET_H 1
| #define HAVE_SYS_IOCTL_H 1
| #define HAVE_SYS_TIME_H 1
| #define HAVE_ARPA_INET_H 1
| #define HAVE_NETINET_IN_H 1
| #define HAVE_SYS_UN_H 1
| /* end confdefs.h.  */
| #include <ws2tcpip.h>
configure:16871: result: no
configure:16871: checking for ws2tcpip.h
configure:16871: result: no
configure:16886: poll use is disabled on this platform
configure:16907: checking for gettimeofday
configure:16907: gcc -o conftest  -DLIBSSH2_DARWIN -I/Users/naderdabit/opensource/create-cli/node_modules/nodegit/vendor/openssl/openssl/include  conftest.c  >&5
configure:16907: $? = 0
configure:16907: result: yes
configure:16907: checking for select
configure:16907: gcc -o conftest  -DLIBSSH2_DARWIN -I/Users/naderdabit/opensource/create-cli/node_modules/nodegit/vendor/openssl/openssl/include  conftest.c  >&5
configure:16907: $? = 0
configure:16907: result: yes
configure:16907: checking for strtoll
configure:16907: gcc -o conftest  -DLIBSSH2_DARWIN -I/Users/naderdabit/opensource/create-cli/node_modules/nodegit/vendor/openssl/openssl/include  conftest.c  >&5
configure:16907: $? = 0
configure:16907: result: yes
configure:16961: checking for size_t
configure:16961: gcc -c  -DLIBSSH2_DARWIN -I/Users/naderdabit/opensource/create-cli/node_modules/nodegit/vendor/openssl/openssl/include conftest.c >&5
configure:16961: $? = 0
configure:16961: gcc -c  -DLIBSSH2_DARWIN -I/Users/naderdabit/opensource/create-cli/node_modules/nodegit/vendor/openssl/openssl/include conftest.c >&5
conftest.c:81:21: error: expected expression
if (sizeof ((size_t)))
                    ^
1 error generated.
configure:16961: $? = 1
configure: failed program was:
| /* confdefs.h */
| #define PACKAGE_NAME "libssh2"
| #define PACKAGE_TARNAME "libssh2"
| #define PACKAGE_VERSION "-"
| #define PACKAGE_STRING "libssh2 -"
| #define PACKAGE_BUGREPORT "libssh2-devel@cool.haxx.se"
| #define PACKAGE_URL ""
| #define PACKAGE "libssh2"
| #define VERSION "-"
| #define STDC_HEADERS 1
| #define HAVE_SYS_TYPES_H 1
| #define HAVE_SYS_STAT_H 1
| #define HAVE_STDLIB_H 1
| #define HAVE_STRING_H 1
| #define HAVE_MEMORY_H 1
| #define HAVE_STRINGS_H 1
| #define HAVE_INTTYPES_H 1
| #define HAVE_STDINT_H 1
| #define HAVE_UNISTD_H 1
| #define HAVE_LONGLONG 1
| #define HAVE_DLFCN_H 1
| #define LT_OBJDIR ".libs/"
| #define HAVE_LIBSSL 1
| #define LIBSSH2_OPENSSL 1
| #define HAVE_LIBZ 1
| #define LIBSSH2_HAVE_ZLIB 1
| #define LIBSSH2_DH_GEX_NEW 1
| #define HAVE_ERRNO_H 1
| #define HAVE_FCNTL_H 1
| #define HAVE_STDIO_H 1
| #define HAVE_STDLIB_H 1
| #define HAVE_UNISTD_H 1
| #define HAVE_SYS_UIO_H 1
| #define HAVE_SYS_SELECT_H 1
| #define HAVE_SYS_SOCKET_H 1
| #define HAVE_SYS_IOCTL_H 1
| #define HAVE_SYS_TIME_H 1
| #define HAVE_ARPA_INET_H 1
| #define HAVE_NETINET_IN_H 1
| #define HAVE_SYS_UN_H 1
| #define HAVE_GETTIMEOFDAY 1
| #define HAVE_SELECT 1
| #define HAVE_STRTOLL 1
| /* end confdefs.h.  */
| #include <stdio.h>
| #ifdef HAVE_SYS_TYPES_H
| # include <sys/types.h>
| #endif
| #ifdef HAVE_SYS_STAT_H
| # include <sys/stat.h>
| #endif
| #ifdef STDC_HEADERS
| # include <stdlib.h>
| # include <stddef.h>
| #else
| # ifdef HAVE_STDLIB_H
| #  include <stdlib.h>
| # endif
| #endif
| #ifdef HAVE_STRING_H
| # if !defined STDC_HEADERS && defined HAVE_MEMORY_H
| #  include <memory.h>
| # endif
| # include <string.h>
| #endif
| #ifdef HAVE_STRINGS_H
| # include <strings.h>
| #endif
| #ifdef HAVE_INTTYPES_H
| # include <inttypes.h>
| #endif
| #ifdef HAVE_STDINT_H
| # include <stdint.h>
| #endif
| #ifdef HAVE_UNISTD_H
| # include <unistd.h>
| #endif
| int
| main ()
| {
| if (sizeof ((size_t)))
| 	    return 0;
|   ;
|   return 0;
| }
configure:16961: result: yes
configure:16974: checking for working alloca.h
configure:16991: gcc -o conftest  -DLIBSSH2_DARWIN -I/Users/naderdabit/opensource/create-cli/node_modules/nodegit/vendor/openssl/openssl/include  conftest.c  >&5
configure:16991: $? = 0
configure:16999: result: yes
configure:17007: checking for alloca
configure:17044: gcc -o conftest  -DLIBSSH2_DARWIN -I/Users/naderdabit/opensource/create-cli/node_modules/nodegit/vendor/openssl/openssl/include  conftest.c  >&5
configure:17044: $? = 0
configure:17052: result: yes
configure:17160: checking for an ANSI C-conforming const
configure:17226: gcc -c  -DLIBSSH2_DARWIN -I/Users/naderdabit/opensource/create-cli/node_modules/nodegit/vendor/openssl/openssl/include conftest.c >&5
configure:17226: $? = 0
configure:17233: result: yes
configure:17241: checking for inline
configure:17257: gcc -c  -DLIBSSH2_DARWIN -I/Users/naderdabit/opensource/create-cli/node_modules/nodegit/vendor/openssl/openssl/include conftest.c >&5
configure:17257: $? = 0
configure:17265: result: inline
configure:17285: checking non-blocking sockets style
configure:17323: gcc -c  -DLIBSSH2_DARWIN -I/Users/naderdabit/opensource/create-cli/node_modules/nodegit/vendor/openssl/openssl/include conftest.c >&5
configure:17323: $? = 0
configure:17484: result: O_NONBLOCK
configure:17608: checking that generated files are newer than configure
configure:17614: result: done
configure:17670: creating ./config.status

## ---------------------- ##
## Running config.status. ##
## ---------------------- ##

This file was extended by libssh2 config.status -, which was
generated by GNU Autoconf 2.69.  Invocation command line was

  CONFIG_FILES    = 
  CONFIG_HEADERS  = 
  CONFIG_LINKS    = 
  CONFIG_COMMANDS = 
  $ ./config.status 

on naders-MacBook-Pro-3.local

config.status:1152: creating Makefile
config.status:1152: creating src/Makefile
config.status:1152: creating tests/Makefile
config.status:1152: creating example/Makefile
config.status:1152: creating docs/Makefile
config.status:1152: creating libssh2.pc
config.status:1152: creating src/libssh2_config.h
config.status:1152: creating example/libssh2_config.h
config.status:1381: executing depfiles commands
config.status:1381: executing libtool commands
configure:19920: summary of build options:

  version:          1.7.0
  Host type:        x86_64-apple-darwin16.6.0
  Install prefix:   /usr/local
  Compiler:         gcc
  Compiler flags:    -DLIBSSH2_DARWIN
  Library types:    Shared=yes, Static=yes
  Crypto library:   OpenSSL (AES-CTR: no)
  Clear memory:     unsupported
  Debug build:      no
  Build examples:   yes
  Path to sshd:     /usr/sbin/sshd (only for self-tests)
  zlib compression: yes


## ---------------- ##
## Cache variables. ##
## ---------------- ##

ac_cv_build=x86_64-apple-darwin16.6.0
ac_cv_c_bigendian=no
ac_cv_c_compiler_gnu=yes
ac_cv_c_const=yes
ac_cv_c_inline=inline
ac_cv_env_CC_set=
ac_cv_env_CC_value=
ac_cv_env_CFLAGS_set=
ac_cv_env_CFLAGS_value=
ac_cv_env_CPPFLAGS_set=set
ac_cv_env_CPPFLAGS_value=-I/Users/naderdabit/opensource/create-cli/node_modules/nodegit/vendor/openssl/openssl/include
ac_cv_env_CPP_set=
ac_cv_env_CPP_value=
ac_cv_env_LDFLAGS_set=
ac_cv_env_LDFLAGS_value=
ac_cv_env_LIBS_set=
ac_cv_env_LIBS_value=
ac_cv_env_build_alias_set=
ac_cv_env_build_alias_value=
ac_cv_env_host_alias_set=
ac_cv_env_host_alias_value=
ac_cv_env_target_alias_set=
ac_cv_env_target_alias_value=
ac_cv_func_EVP_aes_128_ctr=no
ac_cv_func_alloca_works=yes
ac_cv_func_gettimeofday=yes
ac_cv_func_select=yes
ac_cv_func_strtoll=yes
ac_cv_header_arpa_inet_h=yes
ac_cv_header_dlfcn_h=yes
ac_cv_header_errno_h=yes
ac_cv_header_fcntl_h=yes
ac_cv_header_inttypes_h=yes
ac_cv_header_memory_h=yes
ac_cv_header_netinet_in_h=yes
ac_cv_header_stdc=yes
ac_cv_header_stdint_h=yes
ac_cv_header_stdio_h=yes
ac_cv_header_stdlib_h=yes
ac_cv_header_string_h=yes
ac_cv_header_strings_h=yes
ac_cv_header_sys_ioctl_h=yes
ac_cv_header_sys_select_h=yes
ac_cv_header_sys_socket_h=yes
ac_cv_header_sys_stat_h=yes
ac_cv_header_sys_time_h=yes
ac_cv_header_sys_types_h=yes
ac_cv_header_sys_uio_h=yes
ac_cv_header_sys_un_h=yes
ac_cv_header_unistd_h=yes
ac_cv_header_windows_h=no
ac_cv_header_winsock2_h=no
ac_cv_header_ws2tcpip_h=no
ac_cv_host=x86_64-apple-darwin16.6.0
ac_cv_libssl=yes
ac_cv_libz=yes
ac_cv_objext=o
ac_cv_path_EGREP='/usr/bin/grep -E'
ac_cv_path_FGREP='/usr/bin/grep -F'
ac_cv_path_GREP=/usr/bin/grep
ac_cv_path_SED=/usr/bin/sed
ac_cv_path_SSHD=/usr/sbin/sshd
ac_cv_path_install='/usr/local/bin/ginstall -c'
ac_cv_path_mkdir=/usr/local/bin/gmkdir
ac_cv_prog_AWK=awk
ac_cv_prog_CPP='gcc -E'
ac_cv_prog_ac_ct_AR=ar
ac_cv_prog_ac_ct_CC=gcc
ac_cv_prog_ac_ct_DLLTOOL=dlltool
ac_cv_prog_ac_ct_DSYMUTIL=dsymutil
ac_cv_prog_ac_ct_LIPO=lipo
ac_cv_prog_ac_ct_NMEDIT=nmedit
ac_cv_prog_ac_ct_OBJDUMP=objdump
ac_cv_prog_ac_ct_OTOOL=otool
ac_cv_prog_ac_ct_RANLIB=ranlib
ac_cv_prog_ac_ct_STRIP=strip
ac_cv_prog_cc_c89=
ac_cv_prog_cc_g=yes
ac_cv_prog_make_make_set=yes
ac_cv_search_inet_addr='none required'
ac_cv_search_socket='none required'
ac_cv_sys_file_offset_bits=no
ac_cv_sys_largefile_CC=no
ac_cv_type_long_long=yes
ac_cv_type_size_t=yes
ac_cv_working_alloca_h=yes
acl_cv_hardcode_direct=no
acl_cv_hardcode_libdir_flag_spec=
acl_cv_hardcode_libdir_separator=
acl_cv_hardcode_minus_L=no
acl_cv_libext=a
acl_cv_libname_spec='lib$name'
acl_cv_library_names_spec='$libname$shrext'
acl_cv_path_LD=/Applications/Xcode.app/Contents/Developer/Toolchains/XcodeDefault.xctoolchain/usr/bin/ld
acl_cv_prog_gnu_ld=no
acl_cv_rpath=done
acl_cv_shlibext=dylib
acl_cv_wl=-Wl,
am_cv_CC_dependencies_compiler_type=none
am_cv_make_support_nested_variables=yes
am_cv_prog_cc_c_o=yes
lt_cv_apple_cc_single_mod=yes
lt_cv_ar_at_file=no
lt_cv_deplibs_check_method=pass_all
lt_cv_file_magic_cmd='$MAGIC_CMD'
lt_cv_file_magic_test_file=
lt_cv_ld_exported_symbols_list=yes
lt_cv_ld_force_load=yes
lt_cv_ld_reload_flag=-r
lt_cv_nm_interface='BSD nm'
lt_cv_objdir=.libs
lt_cv_path_LD=/Applications/Xcode.app/Contents/Developer/Toolchains/XcodeDefault.xctoolchain/usr/bin/ld
lt_cv_path_NM='/usr/bin/nm -B'
lt_cv_path_mainfest_tool=no
lt_cv_prog_compiler_c_o=yes
lt_cv_prog_compiler_pic='-fno-common -DPIC'
lt_cv_prog_compiler_pic_works=yes
lt_cv_prog_compiler_rtti_exceptions=yes
lt_cv_prog_compiler_static_works=no
lt_cv_prog_gnu_ld=no
lt_cv_sharedlib_from_linklib_cmd='printf %s\n'
lt_cv_sys_global_symbol_pipe='sed -n -e '\''s/^.*[	 ]\([BCDEGRST][BCDEGRST]*\)[	 ][	 ]*_\([_A-Za-z][_A-Za-z0-9]*\)$/\1 _\2 \2/p'\'' | sed '\''/ __gnu_lto/d'\'''
lt_cv_sys_global_symbol_to_c_name_address='sed -n -e '\''s/^: \([^ ]*\)[ ]*$/  {\"\1\", (void *) 0},/p'\'' -e '\''s/^[BCDEGRST]* \([^ ]*\) \([^ ]*\)$/  {"\2", (void *) \&\2},/p'\'''
lt_cv_sys_global_symbol_to_c_name_address_lib_prefix='sed -n -e '\''s/^: \([^ ]*\)[ ]*$/  {\"\1\", (void *) 0},/p'\'' -e '\''s/^[BCDEGRST]* \([^ ]*\) \(lib[^ ]*\)$/  {"\2", (void *) \&\2},/p'\'' -e '\''s/^[BCDEGRST]* \([^ ]*\) \([^ ]*\)$/  {"lib\2", (void *) \&\2},/p'\'''
lt_cv_sys_global_symbol_to_cdecl='sed -n -e '\''s/^T .* \(.*\)$/extern int \1();/p'\'' -e '\''s/^[BCDEGRST]* .* \(.*\)$/extern char \1;/p'\'''
lt_cv_sys_max_cmd_len=196608
lt_cv_to_host_file_cmd=func_convert_file_noop
lt_cv_to_tool_file_cmd=func_convert_file_noop

## ----------------- ##
## Output variables. ##
## ----------------- ##

ACLOCAL='aclocal-1.15'
ALLOCA=''
AMDEPBACKSLASH='\'
AMDEP_FALSE='#'
AMDEP_TRUE=''
AMTAR='$${TAR-tar}'
AM_BACKSLASH='\'
AM_DEFAULT_V='$(AM_DEFAULT_VERBOSITY)'
AM_DEFAULT_VERBOSITY='0'
AM_V='$(V)'
AR='ar'
AS='as'
AUTOCONF='autoconf'
AUTOHEADER='autoheader'
AUTOMAKE='automake-1.15'
AWK='awk'
BUILD_EXAMPLES_FALSE='#'
BUILD_EXAMPLES_TRUE=''
CC='gcc'
CCDEPMODE='depmode=none'
CFLAGS=' -DLIBSSH2_DARWIN'
CPP='gcc -E'
CPPFLAGS='-I/Users/naderdabit/opensource/create-cli/node_modules/nodegit/vendor/openssl/openssl/include'
CYGPATH_W='echo'
DEFS='-DHAVE_CONFIG_H'
DEPDIR='.deps'
DLLTOOL='dlltool'
DSYMUTIL='dsymutil'
DUMPBIN=''
ECHO_C='\c'
ECHO_N=''
ECHO_T=''
EGREP='/usr/bin/grep -E'
EXEEXT=''
FGREP='/usr/bin/grep -F'
GREP='/usr/bin/grep'
HAVE_LIBBCRYPT=''
HAVE_LIBCRYPT32=''
HAVE_LIBGCRYPT=''
HAVE_LIBSSL='yes'
HAVE_LIBZ='yes'
HAVE_SYS_UN_H_FALSE='#'
HAVE_SYS_UN_H_TRUE=''
INSTALL_DATA='${INSTALL} -m 644'
INSTALL_PROGRAM='${INSTALL}'
INSTALL_SCRIPT='${INSTALL}'
INSTALL_STRIP_PROGRAM='$(install_sh) -c -s'
LD='/Applications/Xcode.app/Contents/Developer/Toolchains/XcodeDefault.xctoolchain/usr/bin/ld'
LDFLAGS=''
LIBBCRYPT=''
LIBBCRYPT_PREFIX=''
LIBCRYPT32=''
LIBCRYPT32_PREFIX=''
LIBGCRYPT=''
LIBGCRYPT_FALSE=''
LIBGCRYPT_PREFIX=''
LIBGCRYPT_TRUE='#'
LIBOBJS=''
LIBS=''
LIBSREQUIRED='libssl,libcrypto,zlib'
LIBSSH2VER='1.7.0'
LIBSSL='-lssl -lcrypto'
LIBSSL_PREFIX=''
LIBTOOL='$(SHELL) $(top_builddir)/libtool'
LIBZ='-lz'
LIBZ_PREFIX=''
LIPO='lipo'
LN_S='ln -s'
LTLIBBCRYPT=''
LTLIBCRYPT32=''
LTLIBGCRYPT=''
LTLIBOBJS=''
LTLIBSSL='-lssl -lcrypto'
LTLIBZ='-lz'
MAINT='#'
MAINTAINER_MODE_FALSE=''
MAINTAINER_MODE_TRUE='#'
MAKEINFO='makeinfo'
MANIFEST_TOOL=':'
MKDIR_P='/usr/local/bin/gmkdir -p'
NM='/usr/bin/nm -B'
NMEDIT='nmedit'
OBJDUMP='objdump'
OBJEXT='o'
OPENSSL_FALSE='#'
OPENSSL_TRUE=''
OS400QC3_FALSE=''
OS400QC3_TRUE='#'
OTOOL64=':'
OTOOL='otool'
PACKAGE='libssh2'
PACKAGE_BUGREPORT='libssh2-devel@cool.haxx.se'
PACKAGE_NAME='libssh2'
PACKAGE_STRING='libssh2 -'
PACKAGE_TARNAME='libssh2'
PACKAGE_URL=''
PACKAGE_VERSION='-'
PATH_SEPARATOR=':'
RANLIB='ranlib'
SED='/usr/bin/sed'
SET_MAKE=''
SHELL='/bin/sh'
SSHD='/usr/sbin/sshd'
SSHD_FALSE='#'
SSHD_TRUE=''
STRIP='strip'
VERSION='-'
WINCNG_FALSE=''
WINCNG_TRUE='#'
ac_ct_AR='ar'
ac_ct_CC='gcc'
ac_ct_DUMPBIN=''
am__EXEEXT_FALSE=''
am__EXEEXT_TRUE='#'
am__fastdepCC_FALSE=''
am__fastdepCC_TRUE='#'
am__include='include'
am__isrc=''
am__leading_dot='.'
am__nodep='_no'
am__quote=''
am__tar='$${TAR-tar} chof - "$$tardir"'
am__untar='$${TAR-tar} xf -'
bindir='${exec_prefix}/bin'
build='x86_64-apple-darwin16.6.0'
build_alias=''
build_cpu='x86_64'
build_os='darwin16.6.0'
build_vendor='apple'
datadir='${datarootdir}'
datarootdir='${prefix}/share'
docdir='${datarootdir}/doc/${PACKAGE_TARNAME}'
dvidir='${docdir}'
exec_prefix='${prefix}'
host='x86_64-apple-darwin16.6.0'
host_alias=''
host_cpu='x86_64'
host_os='darwin16.6.0'
host_vendor='apple'
htmldir='${docdir}'
includedir='${prefix}/include'
infodir='${datarootdir}/info'
install_sh='${SHELL} /Users/naderdabit/opensource/create-cli/node_modules/nodegit/vendor/libssh2/install-sh'
libdir='${exec_prefix}/lib'
libexecdir='${exec_prefix}/libexec'
localedir='${datarootdir}/locale'
localstatedir='${prefix}/var'
mandir='${datarootdir}/man'
mkdir_p='$(MKDIR_P)'
oldincludedir='/usr/include'
pdfdir='${docdir}'
prefix='/usr/local'
program_transform_name='s,x,x,'
psdir='${docdir}'
runstatedir='${localstatedir}/run'
sbindir='${exec_prefix}/sbin'
sharedstatedir='${prefix}/com'
sysconfdir='${prefix}/etc'
target_alias=''

## ----------- ##
## confdefs.h. ##
## ----------- ##

/* confdefs.h */
#define PACKAGE_NAME "libssh2"
#define PACKAGE_TARNAME "libssh2"
#define PACKAGE_VERSION "-"
#define PACKAGE_STRING "libssh2 -"
#define PACKAGE_BUGREPORT "libssh2-devel@cool.haxx.se"
#define PACKAGE_URL ""
#define PACKAGE "libssh2"
#define VERSION "-"
#define STDC_HEADERS 1
#define HAVE_SYS_TYPES_H 1
#define HAVE_SYS_STAT_H 1
#define HAVE_STDLIB_H 1
#define HAVE_STRING_H 1
#define HAVE_MEMORY_H 1
#define HAVE_STRINGS_H 1
#define HAVE_INTTYPES_H 1
#define HAVE_STDINT_H 1
#define HAVE_UNISTD_H 1
#define HAVE_LONGLONG 1
#define HAVE_DLFCN_H 1
#define LT_OBJDIR ".libs/"
#define HAVE_LIBSSL 1
#define LIBSSH2_OPENSSL 1
#define HAVE_LIBZ 1
#define LIBSSH2_HAVE_ZLIB 1
#define LIBSSH2_DH_GEX_NEW 1
#define HAVE_ERRNO_H 1
#define HAVE_FCNTL_H 1
#define HAVE_STDIO_H 1
#define HAVE_STDLIB_H 1
#define HAVE_UNISTD_H 1
#define HAVE_SYS_UIO_H 1
#define HAVE_SYS_SELECT_H 1
#define HAVE_SYS_SOCKET_H 1
#define HAVE_SYS_IOCTL_H 1
#define HAVE_SYS_TIME_H 1
#define HAVE_ARPA_INET_H 1
#define HAVE_NETINET_IN_H 1
#define HAVE_SYS_UN_H 1
#define HAVE_GETTIMEOFDAY 1
#define HAVE_SELECT 1
#define HAVE_STRTOLL 1
#define HAVE_ALLOCA_H 1
#define HAVE_ALLOCA 1
#define HAVE_O_NONBLOCK 1

configure: exit 0
